<?xml version="1.0" encoding="UTF-8"?>
<!-- Generated by org.testng.reporters.JUnitReportReporter -->
<testsuite hostname="DESKTOP-CMJCERN" failures="0" tests="4" name="tests.TestScenario1" time="2.592" errors="0" timestamp="2022-02-09T02:25:43 EET" skipped="1">
  <testcase classname="tests.TestScenario1" name="UserCanSelectApps" time="1.351"/>
  <system-out/>
  <testcase classname="tests.TestScenario1" name="UserCanSelectEducation" time="0.347"/>
  <system-out/>
  <testcase classname="tests.TestScenario1" name="UserCanSearchForTED" time="0.894"/>
  <system-out/>
  <testcase classname="tests.TestScenario1" name="UserCanSelectTEDspp">
    <skipped/>
  </testcase> <!-- UserCanSelectTEDspp -->
  <system-out/>
</testsuite> <!-- tests.TestScenario1 -->
