<?xml version="1.0" encoding="UTF-8"?>
<!-- Generated by org.testng.reporters.JUnitReportReporter -->
<testsuite hostname="DESKTOP-CMJCERN" failures="0" tests="1" name="tests.AppsSelectionTest" time="1.393" errors="0" timestamp="2022-02-09T00:50:55 EET" skipped="0">
  <testcase classname="tests.AppsSelectionTest" name="UserCanSelectApps" time="1.393"/>
  <system-out/>
</testsuite> <!-- tests.AppsSelectionTest -->
