<?xml version="1.0" encoding="UTF-8"?>
<!-- Generated by org.testng.reporters.JUnitReportReporter -->
<testsuite hostname="DESKTOP-CMJCERN" failures="0" tests="1" name="tests.TestBase" time="9.023" errors="0" timestamp="2022-02-09T00:10:15 EET" skipped="0">
  <testcase classname="tests.TestBase" name="startDriver" time="9.023"/>
  <system-out/>
</testsuite> <!-- tests.TestBase -->
