<?xml version="1.0" encoding="UTF-8"?>
<!-- Generated by org.testng.reporters.JUnitReportReporter -->
<testsuite hostname="DESKTOP-CMJCERN" failures="0" tests="2" name="tests.EducationSelectionTest" time="1.868" errors="0" timestamp="2022-02-09T01:16:47 EET" skipped="0">
  <testcase classname="tests.EducationSelectionTest" name="UserCanSelectApps" time="1.474"/>
  <system-out/>
  <testcase classname="tests.EducationSelectionTest" name="UserCanSelectEducation" time="0.394"/>
  <system-out/>
</testsuite> <!-- tests.EducationSelectionTest -->
